<?xml version="1.0" encoding="UTF-8"?>
<testsuite name="ru.yandex.yandexlavka.YandexLavkaApplicationTests" tests="1" skipped="0" failures="0" errors="0" timestamp="2023-04-12T19:00:12" hostname="DESKTOP-MCCPRDD" time="0.437">
  <properties/>
  <testcase name="contextLoads()" classname="ru.yandex.yandexlavka.YandexLavkaApplicationTests" time="0.437"/>
  <system-out><![CDATA[22:00:11.093 [Test worker] DEBUG org.springframework.boot.test.context.SpringBootTestContextBootstrapper - Neither @ContextConfiguration nor @ContextHierarchy found for test class [YandexLavkaApplicationTests]: using SpringBootContextLoader
22:00:11.098 [Test worker] DEBUG org.springframework.test.context.support.AbstractContextLoader - Could not detect default resource locations for test class [ru.yandex.yandexlavka.YandexLavkaApplicationTests]: no resource found for suffixes {-context.xml, Context.groovy}.
22:00:11.098 [Test worker] INFO org.springframework.test.context.support.AnnotationConfigContextLoaderUtils - Could not detect default configuration classes for test class [ru.yandex.yandexlavka.YandexLavkaApplicationTests]: YandexLavkaApplicationTests does not declare any static, non-private, non-final, nested classes annotated with @Configuration.
22:00:11.119 [Test worker] DEBUG org.springframework.boot.test.context.SpringBootTestContextBootstrapper - Using ContextCustomizers for test class [YandexLavkaApplicationTests]: [DisableObservabilityContextCustomizer, PropertyMappingContextCustomizer, Customizer, ExcludeFilterContextCustomizer, DuplicateJsonObjectContextCustomizer, MockitoContextCustomizer, TestRestTemplateContextCustomizer]
22:00:11.190 [Test worker] DEBUG org.springframework.context.annotation.ClassPathScanningCandidateComponentProvider - Identified candidate component class: file [G:\Java Utilities\Projects\yandex_product\project_template\build\classes\java\main\ru\yandex\yandexlavka\YandexLavkaApplication.class]
22:00:11.192 [Test worker] INFO org.springframework.boot.test.context.SpringBootTestContextBootstrapper - Found @SpringBootConfiguration ru.yandex.yandexlavka.YandexLavkaApplication for test class ru.yandex.yandexlavka.YandexLavkaApplicationTests
22:00:11.298 [Test worker] DEBUG org.springframework.test.context.util.TestContextSpringFactoriesUtils - Skipping candidate TestExecutionListener [org.springframework.test.context.transaction.TransactionalTestExecutionListener] due to a missing dependency. Specify custom TestExecutionListener classes or make the default TestExecutionListener classes and their required dependencies available. Offending class: [org/springframework/transaction/interceptor/TransactionAttributeSource]
22:00:11.300 [Test worker] DEBUG org.springframework.test.context.util.TestContextSpringFactoriesUtils - Skipping candidate TestExecutionListener [org.springframework.test.context.jdbc.SqlScriptsTestExecutionListener] due to a missing dependency. Specify custom TestExecutionListener classes or make the default TestExecutionListener classes and their required dependencies available. Offending class: [org/springframework/transaction/interceptor/TransactionAttribute]
22:00:11.302 [Test worker] DEBUG org.springframework.boot.test.context.SpringBootTestContextBootstrapper - Using TestExecutionListeners for test class [YandexLavkaApplicationTests]: [ServletTestExecutionListener, DirtiesContextBeforeModesTestExecutionListener, ApplicationEventsTestExecutionListener, MockitoTestExecutionListener, DependencyInjectionTestExecutionListener, DirtiesContextTestExecutionListener, EventPublishingTestExecutionListener, RestDocsTestExecutionListener, MockRestServiceServerResetTestExecutionListener, MockMvcPrintOnlyOnFailureTestExecutionListener, WebDriverTestExecutionListener, MockWebServiceServerTestExecutionListener, ResetMocksTestExecutionListener]
22:00:11.304 [Test worker] DEBUG org.springframework.test.context.support.AbstractDirtiesContextTestExecutionListener - Before test class: class [YandexLavkaApplicationTests], class annotated with @DirtiesContext [false] with mode [null]

  .   ____          _            __ _ _
 /\\ / ___'_ __ _ _(_)_ __  __ _ \ \ \ \
( ( )\___ | '_ | '_| | '_ \/ _` | \ \ \ \
 \\/  ___)| |_)| | | | | || (_| |  ) ) ) )
  '  |____| .__|_| |_|_| |_\__, | / / / /
 =========|_|==============|___/=/_/_/_/
 :: Spring Boot ::                (v3.0.4)

2023-04-12T22:00:11.645+03:00  INFO 5216 --- [    Test worker] r.y.y.YandexLavkaApplicationTests        : Starting YandexLavkaApplicationTests using Java 19 with PID 5216 (started by Alex in G:\Java Utilities\Projects\yandex_product\project_template)
2023-04-12T22:00:11.648+03:00  INFO 5216 --- [    Test worker] r.y.y.YandexLavkaApplicationTests        : No active profile set, falling back to 1 default profile: "default"
2023-04-12T22:00:12.817+03:00  INFO 5216 --- [    Test worker] r.y.y.YandexLavkaApplicationTests        : Started YandexLavkaApplicationTests in 1.444 seconds (process running for 2.647)
]]></system-out>
  <system-err><![CDATA[]]></system-err>
</testsuite>
